<?xml version="1.0" encoding="UTF-8"?>
<testsuite name="edu.training.ArithmeticOperationsTest" tests="11" skipped="0" failures="0" errors="0" timestamp="2022-08-20T11:44:01" hostname="DESKTOP-DGBJSI9" time="0.087">
  <properties/>
  <testcase name="minusOneOnFourEqualMinusQuartor()" classname="edu.training.ArithmeticOperationsTest" time="0.057"/>
  <testcase name="minusAdditionResultTest()" classname="edu.training.ArithmeticOperationsTest" time="0.002"/>
  <testcase name="nineDivThreeEqualThree()" classname="edu.training.ArithmeticOperationsTest" time="0.003"/>
  <testcase name="threeMinusSevenEqualMinusFour()" classname="edu.training.ArithmeticOperationsTest" time="0.001"/>
  <testcase name="sevenPointFourPlusTwoPointNineEqualTenPointThree()" classname="edu.training.ArithmeticOperationsTest" time="0.001"/>
  <testcase name="fiveMulZeroEqualZero()" classname="edu.training.ArithmeticOperationsTest" time="0.002"/>
  <testcase name="divisionOnZeroEqualException()" classname="edu.training.ArithmeticOperationsTest" time="0.003"/>
  <testcase name="threePointFourMinusTwoPointOneEqualOnePointThree()" classname="edu.training.ArithmeticOperationsTest" time="0.001"/>
  <testcase name="fivePlusFourEqualNine()" classname="edu.training.ArithmeticOperationsTest" time="0.001"/>
  <testcase name="threeMinusMinusThreeEqualSix()" classname="edu.training.ArithmeticOperationsTest" time="0.001"/>
  <testcase name="oneMulMinusOneEqualMinusOne()" classname="edu.training.ArithmeticOperationsTest" time="0.003"/>
  <system-out><![CDATA[]]></system-out>
  <system-err><![CDATA[]]></system-err>
</testsuite>
